<?xml version="1.0" encoding="UTF-8"?>
<!-- Generated by org.testng.reporters.JUnitReportReporter -->
<testsuite hostname="FamiliaRomero" failures="0" tests="3" name="suiteTest.RegisterTest" time="23.182" errors="0" timestamp="2025-08-05T16:14:41 CLT" skipped="0">
  <testcase classname="suiteTest.RegisterTest" name="registerTest" time="7.128"/>
  <testcase classname="suiteTest.RegisterTest" name="registerTest" time="6.728"/>
  <testcase classname="suiteTest.RegisterTest" name="registerTest" time="9.326"/>
</testsuite> <!-- suiteTest.RegisterTest -->
