<?xml version="1.0" encoding="UTF-8"?>
<!-- Generated by org.testng.reporters.JUnitReportReporter -->
<testsuite hostname="HPCLAUDIO" failures="0" tests="4" name="suiteTest.LoginTest" time="24.443" errors="0" timestamp="2025-08-01T11:35:37 CLT" skipped="0">
  <testcase classname="suiteTest.LoginTest" name="loginTest" time="5.235"/>
  <testcase classname="suiteTest.LoginTest" name="loginTest" time="5.513"/>
  <testcase classname="suiteTest.LoginTest" name="loginTest" time="8.677"/>
  <testcase classname="suiteTest.LoginTest" name="loginTest" time="5.018"/>
</testsuite> <!-- suiteTest.LoginTest -->
