<?xml version="1.0" encoding="UTF-8"?>
<!-- Generated by org.testng.reporters.JUnitReportReporter -->
<testsuite hostname="HPCLAUDIO" failures="0" tests="3" name="suiteTest.RegisterTest" time="24.731" errors="0" timestamp="2025-08-01T11:53:02 CLT" skipped="0">
  <testcase classname="suiteTest.RegisterTest" name="registerTest" time="6.329"/>
  <testcase classname="suiteTest.RegisterTest" name="registerTest" time="8.093"/>
  <testcase classname="suiteTest.RegisterTest" name="registerTest" time="10.309"/>
</testsuite> <!-- suiteTest.RegisterTest -->
