<?xml version="1.0" encoding="UTF-8"?>
<!-- Generated by org.testng.reporters.JUnitReportReporter -->
<testsuite hostname="FamiliaRomero" failures="0" tests="5" name="suiteTest.LoginTest" time="16.540" errors="0" timestamp="2025-08-05T16:14:41 CLT" skipped="0">
  <testcase classname="suiteTest.LoginTest" name="loginTest" time="5.594"/>
  <testcase classname="suiteTest.LoginTest" name="loginTest" time="3.018"/>
  <testcase classname="suiteTest.LoginTest" name="loginTest" time="2.437"/>
  <testcase classname="suiteTest.LoginTest" name="loginTest" time="2.889"/>
  <testcase classname="suiteTest.LoginTest" name="loginTest" time="2.602"/>
</testsuite> <!-- suiteTest.LoginTest -->
